c:\users\olava\documents\schoollife\schoollife.core\x64\debug\vc143.pdb
c:\users\olava\documents\schoollife\schoollife.core\x64\debug\vc143.idb
c:\users\olava\documents\schoollife\schoollife.core\x64\debug\teacher.obj
c:\users\olava\documents\schoollife\schoollife.core\x64\debug\schoolday.obj
c:\users\olava\documents\schoollife\schoollife.core\x64\debug\schedule.obj
c:\users\olava\documents\schoollife\schoollife.core\x64\debug\lesson.obj
c:\users\olava\documents\schoollife\schoollife.core\x64\debug\student.obj
c:\users\olava\documents\schoollife\schoollife.core\x64\debug\dnevnik.obj
c:\users\olava\documents\schoollife\schoollife.core\x64\debug\main.obj
c:\users\olava\documents\schoollife\schoollife.core\x64\debug\schoollife.core.ilk
c:\users\olava\documents\schoollife\schoollife.core\x64\debug\schoollife.core.obj
c:\users\olava\documents\schoollife\x64\debug\schoollife.core.pdb
c:\users\olava\documents\schoollife\schoollife.core\x64\debug\schoollife.core.tlog\cl.command.1.tlog
c:\users\olava\documents\schoollife\schoollife.core\x64\debug\schoollife.core.tlog\cl.items.tlog
c:\users\olava\documents\schoollife\schoollife.core\x64\debug\schoollife.core.tlog\cl.read.1.tlog
c:\users\olava\documents\schoollife\schoollife.core\x64\debug\schoollife.core.tlog\cl.write.1.tlog
c:\users\olava\documents\schoollife\schoollife.core\x64\debug\schoollife.core.tlog\link-cvtres.read.1.tlog
c:\users\olava\documents\schoollife\schoollife.core\x64\debug\schoollife.core.tlog\link-cvtres.write.1.tlog
c:\users\olava\documents\schoollife\schoollife.core\x64\debug\schoollife.core.tlog\link-rc.read.1.tlog
c:\users\olava\documents\schoollife\schoollife.core\x64\debug\schoollife.core.tlog\link-rc.write.1.tlog
c:\users\olava\documents\schoollife\schoollife.core\x64\debug\schoollife.core.tlog\link.25380-cvtres.read.1.tlog
c:\users\olava\documents\schoollife\schoollife.core\x64\debug\schoollife.core.tlog\link.25380-cvtres.write.1.tlog
c:\users\olava\documents\schoollife\schoollife.core\x64\debug\schoollife.core.tlog\link.25380-rc.read.1.tlog
c:\users\olava\documents\schoollife\schoollife.core\x64\debug\schoollife.core.tlog\link.25380-rc.write.1.tlog
c:\users\olava\documents\schoollife\schoollife.core\x64\debug\schoollife.core.tlog\link.25380.read.1.tlog
c:\users\olava\documents\schoollife\schoollife.core\x64\debug\schoollife.core.tlog\link.25380.read.2.tlog
c:\users\olava\documents\schoollife\schoollife.core\x64\debug\schoollife.core.tlog\link.25380.write.1.tlog
c:\users\olava\documents\schoollife\schoollife.core\x64\debug\schoollife.core.tlog\link.command.1.tlog
c:\users\olava\documents\schoollife\schoollife.core\x64\debug\schoollife.core.tlog\link.read.1.tlog
c:\users\olava\documents\schoollife\schoollife.core\x64\debug\schoollife.core.tlog\link.read.2.tlog
c:\users\olava\documents\schoollife\schoollife.core\x64\debug\schoollife.core.tlog\link.secondary.1.tlog
c:\users\olava\documents\schoollife\schoollife.core\x64\debug\schoollife.core.tlog\link.write.1.tlog
